[22:03:32] [ServerMain/INFO]: Environment: authHost='https://authserver.mojang.com', accountsHost='https://api.mojang.com', sessionHost='https://sessionserver.mojang.com', servicesHost='https://api.minecraftservices.com', name='PROD'
[22:03:35] [ServerMain/INFO]: Loaded 7 recipes
[22:03:36] [ServerMain/INFO]: Loaded 1271 advancements
[22:03:36] [Server thread/INFO]: Starting minecraft server version 1.20.1
[22:03:36] [Server thread/INFO]: Loading properties
[22:03:36] [Server thread/INFO]: Default game type: SURVIVAL
[22:03:36] [Server thread/INFO]: Generating keypair
[22:03:37] [Server thread/INFO]: Starting Minecraft server on *:25565
[22:03:37] [Server thread/INFO]: Using epoll channel type
[22:03:37] [Server thread/WARN]: **** SERVER IS RUNNING IN OFFLINE/INSECURE MODE!
[22:03:37] [Server thread/WARN]: The server will make no attempt to authenticate usernames. Beware.
[22:03:37] [Server thread/WARN]: While this makes the game possible to play without internet access, it also opens up the ability for hackers to connect with any username they choose.
[22:03:37] [Server thread/WARN]: To change this, set "online-mode" to "true" in the server.properties file.
[22:03:37] [Server thread/INFO]: Preparing level "world"
[22:03:45] [Server thread/INFO]: Preparing start region for dimension minecraft:overworld
[22:03:53] [Worker-Main-1/INFO]: Preparing spawn area: 0%
[22:03:53] [Worker-Main-1/INFO]: Preparing spawn area: 0%
[22:03:53] [Worker-Main-1/INFO]: Preparing spawn area: 0%
[22:03:53] [Worker-Main-1/INFO]: Preparing spawn area: 0%
[22:03:53] [Worker-Main-1/INFO]: Preparing spawn area: 0%
[22:03:53] [Worker-Main-1/INFO]: Preparing spawn area: 0%
[22:03:53] [Worker-Main-1/INFO]: Preparing spawn area: 0%
[22:03:53] [Worker-Main-1/INFO]: Preparing spawn area: 0%
[22:03:53] [Worker-Main-1/INFO]: Preparing spawn area: 0%
[22:03:53] [Worker-Main-1/INFO]: Preparing spawn area: 0%
[22:03:53] [Worker-Main-1/INFO]: Preparing spawn area: 0%
[22:03:53] [Worker-Main-1/INFO]: Preparing spawn area: 0%
[22:03:53] [Worker-Main-1/INFO]: Preparing spawn area: 0%
[22:03:53] [Worker-Main-1/INFO]: Preparing spawn area: 0%
[22:03:53] [Worker-Main-1/INFO]: Preparing spawn area: 0%
[22:03:53] [Worker-Main-1/INFO]: Preparing spawn area: 0%
[22:03:53] [Worker-Main-1/INFO]: Preparing spawn area: 0%
[22:03:54] [Worker-Main-1/INFO]: Preparing spawn area: 0%
[22:03:54] [Worker-Main-1/INFO]: Preparing spawn area: 0%
[22:03:55] [Worker-Main-1/INFO]: Preparing spawn area: 0%
[22:03:56] [Worker-Main-1/INFO]: Preparing spawn area: 0%
[22:03:56] [Server thread/INFO]: Time elapsed: 10942 ms
[22:03:56] [Server thread/INFO]: Done (19.483s)! For help, type "help"
[22:03:56] [Server thread/INFO]: Starting GS4 status listener
[22:03:56] [Server thread/INFO]: Thread Query Listener started
[22:03:56] [Query Listener #1/INFO]: Query running on 0.0.0.0:25565
[22:04:13] [Server thread/INFO]: tidvn[/171.241.88.93:64608] logged in with entity id 107 at (84.33311200523724, 140.0, -168.41050965498002)
[22:04:14] [Server thread/INFO]: tidvn joined the game
[22:04:18] [Server thread/WARN]: Can't keep up! Is the server overloaded? Running 2013ms or 40 ticks behind
[22:05:36] [Server thread/INFO]: ADEATHA[/118.71.53.33:54861] logged in with entity id 519 at (148.51297170661852, 75.0625, 411.8593563632508)
[22:05:36] [Server thread/INFO]: ADEATHA joined the game
[22:05:37] [Server thread/WARN]: tidvn moved too quickly! -5.142439428103472,0.0,-8.678099814569237
[22:16:46] [Server thread/INFO]: Locating element #minecraft:is_beach (minecraft:beach) took 84 ms
[22:17:06] [Server thread/INFO]: [tidvn: Teleported tidvn to 446.500000, 90.000000, 50.500000]
[22:17:08] [Server thread/WARN]: tidvn moved too quickly! 0.0,-10.806526110008988,0.0
[22:17:20] [Server thread/INFO]: ADEATHA has made the advancement [A Seedy Place]
[22:22:04] [Server thread/INFO]: tidvn was killed
[22:22:04] [Server thread/INFO]: ADEATHA was killed
[22:22:04] [Server thread/INFO]: [tidvn: Killed 430 entities]
[22:22:24] [Server thread/INFO]: [tidvn: Teleported tidvn to 446.500000, 90.000000, 50.500000]
[22:25:29] [Server thread/INFO]: [Not Secure] <ADEATHA> o wtf
[22:26:12] [Server thread/INFO]: [Not Secure] <ADEATHA> choi gi ban the
[22:26:25] [Server thread/INFO]: [Not Secure] <tidvn> nham :3
[22:26:26] [Server thread/INFO]: [Not Secure] <ADEATHA> mat chien thu yeu thich r
[22:26:47] [Server thread/INFO]: [Not Secure] <ADEATHA> may con dong vat de tang gia san xuat cung chet het
[22:27:53] [Server thread/INFO]: Soul_YT26342[/1.55.7.61:31013] logged in with entity id 9676 at (118.54002455909432, 113.1613515995629, -932.3196067943072)
[22:27:54] [Server thread/INFO]: Soul_YT26342 joined the game
[22:27:55] [Server thread/WARN]: ADEATHA moved too quickly! 4.550377749722713,1.7967356006687112,-8.91197076807822
[22:28:15] [Server thread/INFO]: tidvn has made the advancement [Monster Hunter]
[22:28:54] [Server thread/INFO]: Soul_YT26342 lost connection: Timed out
[22:28:54] [Server thread/INFO]: Soul_YT26342 left the game
[22:31:26] [Server thread/INFO]: [Not Secure] <ADEATHA> chet het cho soi r a
